<?xml version="1.0" encoding="UTF-8"?>
<!-- Generated by org.testng.reporters.JUnitReportReporter -->
<testsuite hostname="DESKTOP-64BULFN" failures="0" tests="8" name="testCase.TC015_Remove_Data_From_Cart" time="0.845" errors="1" timestamp="2024-02-28T00:45:21 IST" skipped="7">
  <testcase classname="testCase.TC015_Remove_Data_From_Cart" name="removeDataFromCart_API_checkResponseTime" time="0.000">
    <skipped/>
  </testcase> <!-- removeDataFromCart_API_checkResponseTime -->
  <system-out/>
  <testcase classname="testCase.TC015_Remove_Data_From_Cart" name="removeDataFromCart" time="0.845">
    <error message="Failed to parse the JSON document" type="io.restassured.path.json.exception.JsonPathException">
      <![CDATA[io.restassured.path.json.exception.JsonPathException: Failed to parse the JSON document
at io.restassured.path.json.JsonPath$ExceptionCatcher.invoke(JsonPath.java:1002)
at io.restassured.path.json.JsonPath$4.doParseWith(JsonPath.java:967)
at io.restassured.path.json.JsonPath$JsonParser.parseWith(JsonPath.java:1047)
at io.restassured.path.json.JsonPath.get(JsonPath.java:202)
at io.restassured.path.json.JsonPath.getString(JsonPath.java:352)
at base.TestBase.loginHubWalletTerminal(TestBase.java:30)
at testCase.TC015_Remove_Data_From_Cart.removeDataFromCart(TC015_Remove_Data_From_Cart.java:36)
at java.base/jdk.internal.reflect.NativeMethodAccessorImpl.invoke0(Native Method)
at java.base/jdk.internal.reflect.NativeMethodAccessorImpl.invoke(NativeMethodAccessorImpl.java:77)
at java.base/jdk.internal.reflect.DelegatingMethodAccessorImpl.invoke(DelegatingMethodAccessorImpl.java:43)
at java.base/java.lang.reflect.Method.invoke(Method.java:568)
at org.testng.internal.MethodInvocationHelper.invokeMethod(MethodInvocationHelper.java:134)
at org.testng.internal.MethodInvocationHelper.invokeMethodConsideringTimeout(MethodInvocationHelper.java:63)
at org.testng.internal.ConfigInvoker.invokeConfigurationMethod(ConfigInvoker.java:348)
at org.testng.internal.ConfigInvoker.invokeConfigurations(ConfigInvoker.java:302)
at org.testng.internal.TestMethodWorker.invokeBeforeClassMethods(TestMethodWorker.java:176)
at org.testng.internal.TestMethodWorker.run(TestMethodWorker.java:122)
at java.base/java.util.ArrayList.forEach(ArrayList.java:1511)
at org.testng.TestRunner.privateRun(TestRunner.java:766)
at org.testng.TestRunner.run(TestRunner.java:587)
at org.testng.SuiteRunner.runTest(SuiteRunner.java:384)
at org.testng.SuiteRunner.runSequentially(SuiteRunner.java:378)
at org.testng.SuiteRunner.privateRun(SuiteRunner.java:337)
at org.testng.SuiteRunner.run(SuiteRunner.java:286)
at org.testng.SuiteRunnerWorker.runSuite(SuiteRunnerWorker.java:53)
at org.testng.SuiteRunnerWorker.run(SuiteRunnerWorker.java:96)
at org.testng.TestNG.runSuitesSequentially(TestNG.java:1187)
at org.testng.TestNG.runSuitesLocally(TestNG.java:1109)
at org.testng.TestNG.runSuites(TestNG.java:1039)
at org.testng.TestNG.run(TestNG.java:1007)
at org.testng.remote.AbstractRemoteTestNG.run(AbstractRemoteTestNG.java:115)
at org.testng.remote.RemoteTestNG.initAndRun(RemoteTestNG.java:251)
at org.testng.remote.RemoteTestNG.main(RemoteTestNG.java:77)
Caused by: groovy.json.JsonException: Lexing failed on line: 1, column: 1, while reading '<', no possible valid JSON value or punctuation could be recognized.
at groovy.json.JsonLexer.nextToken(JsonLexer.java:86)
at groovy.json.JsonLexer$nextToken.call(Unknown Source)
at io.restassured.internal.path.json.ConfigurableJsonSlurper.parse(ConfigurableJsonSlurper.groovy:97)
at io.restassured.internal.path.json.ConfigurableJsonSlurper$parse.callCurrent(Unknown Source)
at io.restassured.internal.path.json.ConfigurableJsonSlurper.parseText(ConfigurableJsonSlurper.groovy:83)
at io.restassured.path.json.JsonPath$4$1.method(JsonPath.java:965)
at io.restassured.path.json.JsonPath$ExceptionCatcher.invoke(JsonPath.java:1000)
... 32 more
]]>
    </error>
  </testcase> <!-- removeDataFromCart -->
  <system-out/>
  <testcase classname="testCase.TC015_Remove_Data_From_Cart" name="removeDataFromCart_API_checkServerType" time="0.000">
    <skipped/>
  </testcase> <!-- removeDataFromCart_API_checkServerType -->
  <system-out/>
  <testcase classname="testCase.TC015_Remove_Data_From_Cart" name="removeDataFromCart_API_checkStatusCode" time="0.000">
    <skipped/>
  </testcase> <!-- removeDataFromCart_API_checkStatusCode -->
  <system-out/>
  <testcase classname="testCase.TC015_Remove_Data_From_Cart" name="removeDataFromCart_API_checkContentType" time="0.000">
    <skipped/>
  </testcase> <!-- removeDataFromCart_API_checkContentType -->
  <system-out/>
  <testcase classname="testCase.TC015_Remove_Data_From_Cart" name="removeDataFromCart_API_printAllHeader" time="0.000">
    <skipped/>
  </testcase> <!-- removeDataFromCart_API_printAllHeader -->
  <system-out/>
  <testcase classname="testCase.TC015_Remove_Data_From_Cart" name="removeDataFromCart_API_checkResponseBody" time="0.000">
    <skipped/>
  </testcase> <!-- removeDataFromCart_API_checkResponseBody -->
  <system-out/>
  <testcase classname="testCase.TC015_Remove_Data_From_Cart" name="removeDataFromCart_API_checkStatusLine" time="0.000">
    <skipped/>
  </testcase> <!-- removeDataFromCart_API_checkStatusLine -->
  <system-out/>
</testsuite> <!-- testCase.TC015_Remove_Data_From_Cart -->
